stream block method: drop
REG compile success!
=============start loop up================
=============start loop up================
=============start loop up================
cpu num: 16
Rule Accepter, start listen
content_monitor_config:monitor
content_block_config:gkblog
content_block_config:beijing123人人
content_block_config:中秋回家
utos_length == 1
content_block_config:张书雨
utos_length == 2
content_block_config:失心症
utos_length == 3
content_block_config:知道别人
utos_length == 4
content_block_config:going
content_block_config:IBM
content_block_config:CCF
content_block_config:Erlang
content_block_config:王垠
content_block_config:CSDN
content_block_config:Compiler123
content_block_config:zhihu
content_block_config:v8
content_block_config:Lua
content_block_config:另类
content_block_config:开赛
content_block_config:数量
content_block_config:正版
content_block_config:火爆
content_block_config:推荐
content_block_config:围观
content_block_config:评选
content_block_config:短发
content_block_config:天空
content_block_config:秋天
content_block_config:牛津
content_block_config:小镇
content_block_config:旅行
content_block_config:沿途
content_block_config:良辰
content_block_config:机会
content_block_config:吃饭
content_block_config:苦恼
content_block_config:大鹏
content_block_config:错过
content_block_config:扬州炒饭
content_block_config:最潮
content_block_config:七丽女性网
content_block_config:设计发型屋
content_block_config:爱靓网
content_block_config:百变女王
content_block_config:学问很大
content_block_config:越来越多
content_block_config:率真
content_block_config:种类
content_block_config:口袋
content_block_config:肥料
content_block_config:土壤
content_block_config:水准
content_block_config:靠谱
content_block_config:预测
content_block_config:大叔
content_block_config:微软
content_block_config:搜狗
content_block_config:test
content_block_config:test999
content_block_config:aaa
content_block_config:aaaaaa
content_block_config:zy-1201
content_block_config:双流机场
utos_length == 5
content_block_config:大苏打
utos_length == 6
content_block_config:不见不散
utos_length == 7
content_block_config:法轮大法好
content_block_config:六四真相
content_block_config:扬州炒饭
content_block_config:notorious
content_block_config:legal0324
content_block_config:luan
content_block_config:aaaffffffffffffffff
user_block_config:456243895	7
user_block_config:881281585	7
resource_block_config:8331997891	4
resource_block_config:8331997891	14
resource_block_config:8331997891	13
resource_block_config:8331310482	4
resource_block_config:8331310482	14
resource_block_config:8331310482	13
resource_block_config:8330507623	4
resource_block_config:8330507623	14
resource_block_config:8330507623	13
resource_block_config:8330296162	4
resource_block_config:8330296162	14
resource_block_config:8330296162	13
resource_block_config:8329118809	14
resource_block_config:8329118809	13
resource_block_config:1127662474	4
resource_block_config:1127662474	14
resource_block_config:1127662474	13
resource_block_config:1127238371	4
resource_block_config:1127238371	14
resource_block_config:1127238371	13
resource_block_config:1127166146	4
resource_block_config:1127166146	14
resource_block_config:1127166146	13
resource_block_config:8323377589	4
resource_block_config:8323377589	14
resource_block_config:8323377589	13
resource_block_config:8323460851	4
resource_block_config:8323460851	14
resource_block_config:566551720	7
resource_block_config:8361544784	4
resource_block_config:8361544784	14
resource_block_config:8361544784	13
resource_block_config:1136633398	14
url_block_config:http://fmn.rrfmn.com/fmn078/20151212/1710/p/m2w470h350q85lt_original_iEs5_f3c400064e811e83.jpg
url_block_config:http://hdn.xnimg.cn/photos/hdn421/20151216/1500/p/m2w470h350q85lt_h_large_B5tD_7748000295af195a.jpg
load all config done !!!
load config once !!! 
load config once !!! 
load config once !!! 
load config once !!! 
load config once !!! 
load config once !!! 
load config once !!! 
load config once !!! 
load config once !!! 
load config once !!! 
load config once !!! 
load config once !!! 
load config once !!! 
load config once !!! 
load config once !!! 
load config once !!! 
load config once !!! 
load config once !!! 
load config once !!! 
load config once !!! 
load config once !!! 
load config once !!! 
load config once !!! 
load config once !!! 
load config once !!! 
load config once !!! 
1 0
load config once !!! 
load config once !!! 
load config once !!! 
load config once !!! 
load config once !!! 
load config once !!! 
load config once !!! 
load config once !!! 
load config once !!! 
load config once !!! 
load config once !!! 
load config once !!! 
load config once !!! 
load config once !!! 
load config once !!! 
load config once !!! 
load config once !!! 
load config once !!! 
load config once !!! 
2 0
load config once !!! 
load config once !!! 
load config once !!! 
load config once !!! 
load config once !!! 
load config once !!! 
load config once !!! 
load config once !!! 
1 0
load config once !!! 
load config once !!! 
load config once !!! 
load config once !!! 
1 0
load config once !!! 
load config once !!! 
load config once !!! 
load config once !!! 
load config once !!! 
load config once !!! 
load config once !!! 
load config once !!! 
load config once !!! 
load config once !!! 
load config once !!! 
load config once !!! 
load config once !!! 
load config once !!! 
load config once !!! 
load config once !!! 
load config once !!! 
load config once !!! 
load config once !!! 
1 0
load config once !!! 
load config once !!! 
load config once !!! 
load config once !!! 
load config once !!! 
load config once !!! 
load config once !!! 
load config once !!! 
load config once !!! 
load config once !!! 
load config once !!! 
load config once !!! 
load config once !!! 
load config once !!! 
load config once !!! 
load config once !!! 
load config once !!! 
load config once !!! 
1 0
load config once !!! 
load config once !!! 
load config once !!! 
load config once !!! 
load config once !!! 
load config once !!! 
load config once !!! 
load config once !!! 
load config once !!! 
load config once !!! 
load config once !!! 
load config once !!! 
load config once !!! 
load config once !!! 
load config once !!! 
load config once !!! 
load config once !!! 
load config once !!! 
load config once !!! 
1 0
load config once !!! 
load config once !!! 
load config once !!! 
load config once !!! 
load config once !!! 
1 0
load config once !!! 
load config once !!! 
load config once !!! 
load config once !!! 
2 0
load config once !!! 
load config once !!! 
load config once !!! 
load config once !!! 
load config once !!! 
load config once !!! 
load config once !!! 
load config once !!! 
load config once !!! 
load config once !!! 
load config once !!! 
load config once !!! 
load config once !!! 
load config once !!! 
load config once !!! 
load config once !!! 
1 0
load config once !!! 
load config once !!! 
load config once !!! 
load config once !!! 
load config once !!! 
load config once !!! 
load config once !!! 
load config once !!! 
load config once !!! 
load config once !!! 
load config once !!! 
load config once !!! 
load config once !!! 
load config once !!! 
load config once !!! 
load config once !!! 
1 0
load config once !!! 
load config once !!! 
load config once !!! 
load config once !!! 
load config once !!! 
load config once !!! 
load config once !!! 
load config once !!! 
load config once !!! 
load config once !!! 
content_block_config:2016/4/18/test
load config once !!! 
load config once !!! 
load config once !!! 
load config once !!! 
load config once !!! 
load config once !!! 
load config once !!! 
load config once !!! 
load config once !!! 
load config once !!! 
load config once !!! 
load config once !!! 
load config once !!! 
load config once !!! 
load config once !!! 
load config once !!! 
load config once !!! 
load config once !!! 
load config once !!! 
load config once !!! 
load config once !!! 
load config once !!! 
load config once !!! 
load config once !!! 
load config once !!! 
load config once !!! 
load config once !!! 
load config once !!! 
load config once !!! 
load config once !!! 
load config once !!! 
load config once !!! 
load config once !!! 
load config once !!! 
load config once !!! 
load config once !!! 
load config once !!! 
load config once !!! 
load config once !!! 
load config once !!! 
load config once !!! 
load config once !!! 
load config once !!! 
load config once !!! 
load config once !!! 
load config once !!! 
load config once !!! 
load config once !!! 
load config once !!! 
1 0
load config once !!! 
load config once !!! 
load config once !!! 
1 0
load config once !!! 
load config once !!! 
load config once !!! 
1 0
load config once !!! 
load config once !!! 
load config once !!! 
load config once !!! 
load config once !!! 
load config once !!! 
load config once !!! 
load config once !!! 
load config once !!! 
load config once !!! 
load config once !!! 
load config once !!! 
load config once !!! 
load config once !!! 
load config once !!! 
load config once !!! 
load config once !!! 
load config once !!! 
1 0
load config once !!! 
load config once !!! 
load config once !!! 
load config once !!! 
load config once !!! 
load config once !!! 
load config once !!! 
load config once !!! 
load config once !!! 
1 0
load config once !!! 
load config once !!! 
load config once !!! 
load config once !!! 
load config once !!! 
load config once !!! 
load config once !!! 
load config once !!! 
load config once !!! 
1 0
load config once !!! 
load config once !!! 
load config once !!! 
load config once !!! 
load config once !!! 
load config once !!! 
load config once !!! 
load config once !!! 
load config once !!! 
load config once !!! 
load config once !!! 
load config once !!! 
load config once !!! 
load config once !!! 
load config once !!! 
load config once !!! 
load config once !!! 
load config once !!! 
load config once !!! 
load config once !!! 
load config once !!! 
load config once !!! 
load config once !!! 
load config once !!! 
load config once !!! 
load config once !!! 
load config once !!! 
load config once !!! 
load config once !!! 
load config once !!! 
load config once !!! 
load config once !!! 
load config once !!! 
load config once !!! 
load config once !!! 
load config once !!! 
load config once !!! 
load config once !!! 
load config once !!! 
load config once !!! 
load config once !!! 
load config once !!! 
load config once !!! 
load config once !!! 
load config once !!! 
load config once !!! 
load config once !!! 
load config once !!! 
load config once !!! 
load config once !!! 
load config once !!! 
load config once !!! 
load config once !!! 
load config once !!! 
load config once !!! 
load config once !!! 
load config once !!! 
load config once !!! 
load config once !!! 
load config once !!! 
load config once !!! 
load config once !!! 
load config once !!! 
load config once !!! 
load config once !!! 
load config once !!! 
load config once !!! 
load config once !!! 
load config once !!! 
load config once !!! 
load config once !!! 
load config once !!! 
load config once !!! 
load config once !!! 
load config once !!! 
load config once !!! 
load config once !!! 
load config once !!! 
load config once !!! 
load config once !!! 
load config once !!! 
load config once !!! 
load config once !!! 
load config once !!! 
load config once !!! 
load config once !!! 
load config once !!! 
load config once !!! 
load config once !!! 
load config once !!! 
load config once !!! 
load config once !!! 
load config once !!! 
load config once !!! 
load config once !!! 
load config once !!! 
load config once !!! 
load config once !!! 
load config once !!! 
load config once !!! 
load config once !!! 
load config once !!! 
load config once !!! 
load config once !!! 
load config once !!! 
load config once !!! 
load config once !!! 
load config once !!! 
load config once !!! 
load config once !!! 
load config once !!! 
load config once !!! 
load config once !!! 
load config once !!! 
load config once !!! 
load config once !!! 
load config once !!! 
load config once !!! 
load config once !!! 
load config once !!! 
load config once !!! 
load config once !!! 
load config once !!! 
load config once !!! 
load config once !!! 
load config once !!! 
load config once !!! 
load config once !!! 
load config once !!! 
load config once !!! 
load config once !!! 
load config once !!! 
load config once !!! 
load config once !!! 
load config once !!! 
load config once !!! 
load config once !!! 
load config once !!! 
load config once !!! 
load config once !!! 
load config once !!! 
load config once !!! 
load config once !!! 
load config once !!! 
load config once !!! 
load config once !!! 
load config once !!! 
load config once !!! 
load config once !!! 
load config once !!! 
load config once !!! 
load config once !!! 
load config once !!! 
load config once !!! 
load config once !!! 
load config once !!! 
load config once !!! 
load config once !!! 
load config once !!! 
load config once !!! 
load config once !!! 
load config once !!! 
load config once !!! 
load config once !!! 
load config once !!! 
load config once !!! 
load config once !!! 
load config once !!! 
load config once !!! 
load config once !!! 
load config once !!! 
load config once !!! 
load config once !!! 
load config once !!! 
load config once !!! 
load config once !!! 
load config once !!! 
load config once !!! 
load config once !!! 
load config once !!! 
load config once !!! 
load config once !!! 
load config once !!! 
load config once !!! 
load config once !!! 
load config once !!! 
load config once !!! 
load config once !!! 
load config once !!! 
load config once !!! 
load config once !!! 
load config once !!! 
load config once !!! 
load config once !!! 
load config once !!! 
load config once !!! 
load config once !!! 
load config once !!! 
load config once !!! 
load config once !!! 
load config once !!! 
load config once !!! 
load config once !!! 
load config once !!! 
load config once !!! 
load config once !!! 
load config once !!! 
load config once !!! 
load config once !!! 
load config once !!! 
load config once !!! 
load config once !!! 
load config once !!! 
load config once !!! 
load config once !!! 
load config once !!! 
load config once !!! 
load config once !!! 
load config once !!! 
load config once !!! 
load config once !!! 
load config once !!! 
load config once !!! 
load config once !!! 
load config once !!! 
load config once !!! 
load config once !!! 
load config once !!! 
load config once !!! 
load config once !!! 
load config once !!! 
load config once !!! 
load config once !!! 
load config once !!! 
load config once !!! 
load config once !!! 
load config once !!! 
load config once !!! 
load config once !!! 
load config once !!! 
load config once !!! 
load config once !!! 
load config once !!! 
load config once !!! 
load config once !!! 
load config once !!! 
load config once !!! 
load config once !!! 
load config once !!! 
load config once !!! 
load config once !!! 
load config once !!! 
load config once !!! 
load config once !!! 
load config once !!! 
load config once !!! 
load config once !!! 
load config once !!! 
load config once !!! 
load config once !!! 
load config once !!! 
load config once !!! 
load config once !!! 
load config once !!! 
load config once !!! 
load config once !!! 
load config once !!! 
load config once !!! 
load config once !!! 
load config once !!! 
load config once !!! 
load config once !!! 
load config once !!! 
load config once !!! 
load config once !!! 
load config once !!! 
load config once !!! 
load config once !!! 
load config once !!! 
load config once !!! 
load config once !!! 
load config once !!! 
load config once !!! 
load config once !!! 
load config once !!! 
load config once !!! 
load config once !!! 
load config once !!! 
load config once !!! 
load config once !!! 
load config once !!! 
load config once !!! 
load config once !!! 
load config once !!! 
load config once !!! 
load config once !!! 
load config once !!! 
load config once !!! 
load config once !!! 
load config once !!! 
load config once !!! 
load config once !!! 
load config once !!! 
load config once !!! 
load config once !!! 
load config once !!! 
load config once !!! 
load config once !!! 
load config once !!! 
load config once !!! 
load config once !!! 
load config once !!! 
load config once !!! 
load config once !!! 
load config once !!! 
load config once !!! 
load config once !!! 
load config once !!! 
load config once !!! 
load config once !!! 
load config once !!! 
load config once !!! 
load config once !!! 
load config once !!! 
load config once !!! 
load config once !!! 
load config once !!! 
load config once !!! 
load config once !!! 
load config once !!! 
load config once !!! 
load config once !!! 
load config once !!! 
load config once !!! 
load config once !!! 
load config once !!! 
load config once !!! 
load config once !!! 
load config once !!! 
load config once !!! 
load config once !!! 
load config once !!! 
load config once !!! 
load config once !!! 
load config once !!! 
load config once !!! 
load config once !!! 
load config once !!! 
load config once !!! 
load config once !!! 
load config once !!! 
load config once !!! 
load config once !!! 
load config once !!! 
load config once !!! 
load config once !!! 
load config once !!! 
load config once !!! 
load config once !!! 
load config once !!! 
load config once !!! 
load config once !!! 
load config once !!! 
load config once !!! 
load config once !!! 
load config once !!! 
load config once !!! 
load config once !!! 
load config once !!! 
load config once !!! 
load config once !!! 
load config once !!! 
load config once !!! 
load config once !!! 
load config once !!! 
load config once !!! 
load config once !!! 
load config once !!! 
load config once !!! 
load config once !!! 
load config once !!! 
load config once !!! 
load config once !!! 
load config once !!! 
load config once !!! 
load config once !!! 
load config once !!! 
load config once !!! 
load config once !!! 
load config once !!! 
load config once !!! 
load config once !!! 
load config once !!! 
load config once !!! 
load config once !!! 
load config once !!! 
load config once !!! 
load config once !!! 
load config once !!! 
load config once !!! 
load config once !!! 
load config once !!! 
load config once !!! 
load config once !!! 
load config once !!! 
load config once !!! 
load config once !!! 
load config once !!! 
load config once !!! 
load config once !!! 
load config once !!! 
load config once !!! 
load config once !!! 
load config once !!! 
load config once !!! 
load config once !!! 
load config once !!! 
load config once !!! 
load config once !!! 
load config once !!! 
load config once !!! 
load config once !!! 
load config once !!! 
load config once !!! 
load config once !!! 
load config once !!! 
load config once !!! 
load config once !!! 
load config once !!! 
load config once !!! 
load config once !!! 
load config once !!! 
load config once !!! 
load config once !!! 
load config once !!! 
load config once !!! 
load config once !!! 
load config once !!! 
load config once !!! 
load config once !!! 
load config once !!! 
load config once !!! 
load config once !!! 
load config once !!! 
load config once !!! 
load config once !!! 
load config once !!! 
load config once !!! 
load config once !!! 
load config once !!! 
load config once !!! 
load config once !!! 
load config once !!! 
load config once !!! 
load config once !!! 
load config once !!! 
load config once !!! 
load config once !!! 
load config once !!! 
load config once !!! 
load config once !!! 
load config once !!! 
load config once !!! 
load config once !!! 
load config once !!! 
load config once !!! 
load config once !!! 
load config once !!! 
load config once !!! 
load config once !!! 
load config once !!! 
load config once !!! 
load config once !!! 
load config once !!! 
load config once !!! 
load config once !!! 
load config once !!! 
load config once !!! 
load config once !!! 
load config once !!! 
load config once !!! 
load config once !!! 
load config once !!! 
load config once !!! 
load config once !!! 
load config once !!! 
load config once !!! 
load config once !!! 
load config once !!! 
load config once !!! 
load config once !!! 
load config once !!! 
load config once !!! 
load config once !!! 
load config once !!! 
load config once !!! 
load config once !!! 
load config once !!! 
load config once !!! 
load config once !!! 
load config once !!! 
load config once !!! 
load config once !!! 
load config once !!! 
load config once !!! 
load config once !!! 
load config once !!! 
load config once !!! 
load config once !!! 
load config once !!! 
load config once !!! 
load config once !!! 
load config once !!! 
load config once !!! 
load config once !!! 
load config once !!! 
load config once !!! 
load config once !!! 
load config once !!! 
load config once !!! 
load config once !!! 
load config once !!! 
load config once !!! 
load config once !!! 
load config once !!! 
load config once !!! 
load config once !!! 
load config once !!! 
load config once !!! 
load config once !!! 
load config once !!! 
load config once !!! 
load config once !!! 
load config once !!! 
load config once !!! 
load config once !!! 
load config once !!! 
load config once !!! 
load config once !!! 
load config once !!! 
load config once !!! 
load config once !!! 
load config once !!! 
load config once !!! 
load config once !!! 
load config once !!! 
load config once !!! 
load config once !!! 
load config once !!! 
load config once !!! 
load config once !!! 
load config once !!! 
load config once !!! 
load config once !!! 
load config once !!! 
load config once !!! 
load config once !!! 
load config once !!! 
load config once !!! 
load config once !!! 
load config once !!! 
load config once !!! 
load config once !!! 
load config once !!! 
load config once !!! 
load config once !!! 
load config once !!! 
load config once !!! 
load config once !!! 
load config once !!! 
load config once !!! 
load config once !!! 
load config once !!! 
load config once !!! 
load config once !!! 
load config once !!! 
load config once !!! 
load config once !!! 
load config once !!! 
load config once !!! 
load config once !!! 
load config once !!! 
load config once !!! 
load config once !!! 
load config once !!! 
load config once !!! 
load config once !!! 
load config once !!! 
load config once !!! 
load config once !!! 
load config once !!! 
load config once !!! 
load config once !!! 
load config once !!! 
load config once !!! 
load config once !!! 
load config once !!! 
load config once !!! 
load config once !!! 
load config once !!! 
load config once !!! 
load config once !!! 
load config once !!! 
load config once !!! 
load config once !!! 
load config once !!! 
load config once !!! 
load config once !!! 
load config once !!! 
load config once !!! 
load config once !!! 
load config once !!! 
load config once !!! 
load config once !!! 
load config once !!! 
load config once !!! 
load config once !!! 
load config once !!! 
load config once !!! 
load config once !!! 
load config once !!! 
load config once !!! 
load config once !!! 
load config once !!! 
load config once !!! 
load config once !!! 
load config once !!! 
load config once !!! 
load config once !!! 
load config once !!! 
load config once !!! 
load config once !!! 
load config once !!! 
load config once !!! 
load config once !!! 
load config once !!! 
load config once !!! 
load config once !!! 
load config once !!! 
load config once !!! 
load config once !!! 
load config once !!! 
load config once !!! 
load config once !!! 
load config once !!! 
load config once !!! 
load config once !!! 
load config once !!! 
load config once !!! 
load config once !!! 
load config once !!! 
load config once !!! 
load config once !!! 
load config once !!! 
load config once !!! 
load config once !!! 
load config once !!! 
load config once !!! 
load config once !!! 
load config once !!! 
load config once !!! 
load config once !!! 
load config once !!! 
load config once !!! 
load config once !!! 
load config once !!! 
load config once !!! 
load config once !!! 
load config once !!! 
load config once !!! 
load config once !!! 
load config once !!! 
load config once !!! 
load config once !!! 
load config once !!! 
load config once !!! 
load config once !!! 
load config o